[2018-10-04T22:46:58.021] [INFO] log4jslog - ::1 - - "POST /api/parse HTTP/1.1" 200 227 "" "PostmanRuntime/7.3.0"
[2018-10-06T17:57:04.795] [INFO] log4jslog - ::1 - - "POST /api/parse HTTP/1.1" 200 15013 "" "PostmanRuntime/7.3.0"
[2018-10-06T18:18:08.505] [INFO] log4jslog - ::1 - - "POST /api/parse HTTP/1.1" 200 15013 "" "PostmanRuntime/7.3.0"
[2018-10-06T18:22:47.769] [INFO] log4jslog - ::1 - - "POST /api/parse HTTP/1.1" 200 - "" "PostmanRuntime/7.3.0"
[2018-10-06T18:35:10.557] [INFO] log4jslog - ::1 - - "POST /api/parse HTTP/1.1" 200 179 "" "PostmanRuntime/7.3.0"
[2018-10-06T18:44:23.251] [INFO] log4jslog - ::1 - - "POST /api/parse HTTP/1.1" 200 15013 "" "PostmanRuntime/7.3.0"
[2018-10-06T19:09:18.067] [ERROR] log4jslog - ::1 - - "GET /api/parse HTTP/1.1" 404 148 "" "Mozilla/5.0 (Windows NT 10.0; Win64; x64) AppleWebKit/537.36 (KHTML, like Gecko) Chrome/69.0.3497.100 Safari/537.36"
[2018-10-06T19:09:18.087] [ERROR] log4jslog - ::1 - - "GET /favicon.ico HTTP/1.1" 404 150 "http://localhost:5000/api/parse" "Mozilla/5.0 (Windows NT 10.0; Win64; x64) AppleWebKit/537.36 (KHTML, like Gecko) Chrome/69.0.3497.100 Safari/537.36"
[2018-10-06T19:12:29.074] [INFO] log4jslog - ::1 - - "POST /api/parse HTTP/1.1" 200 15013 "" "Mozilla/5.0 (Windows NT 10.0; Win64; x64) AppleWebKit/537.36 (KHTML, like Gecko) Chrome/69.0.3497.100 Safari/537.36"
[2018-10-06T19:14:01.135] [INFO] log4jslog - ::1 - - "POST /api/parse HTTP/1.1" 200 15013 "" "Mozilla/5.0 (Windows NT 10.0; Win64; x64) AppleWebKit/537.36 (KHTML, like Gecko) Chrome/69.0.3497.100 Safari/537.36"
[2018-10-06T19:17:41.191] [ERROR] log4jslog - ::1 - - "POST /api/parse HTTP/1.1" 500 1084 "" "Mozilla/5.0 (Windows NT 10.0; Win64; x64) AppleWebKit/537.36 (KHTML, like Gecko) Chrome/69.0.3497.100 Safari/537.36"
[2018-10-06T19:18:04.201] [INFO] log4jslog - ::1 - - "POST /api/parse HTTP/1.1" 200 2 "" "Mozilla/5.0 (Windows NT 10.0; Win64; x64) AppleWebKit/537.36 (KHTML, like Gecko) Chrome/69.0.3497.100 Safari/537.36"
[2018-10-06T19:19:44.822] [INFO] log4jslog - ::1 - - "POST /api/parse HTTP/1.1" 200 - "" "Mozilla/5.0 (Windows NT 10.0; Win64; x64) AppleWebKit/537.36 (KHTML, like Gecko) Chrome/69.0.3497.100 Safari/537.36"
[2018-10-06T19:20:08.839] [INFO] log4jslog - ::1 - - "POST /api/parse HTTP/1.1" 200 - "" "Mozilla/5.0 (Windows NT 10.0; Win64; x64) AppleWebKit/537.36 (KHTML, like Gecko) Chrome/69.0.3497.100 Safari/537.36"
[2018-10-06T19:24:53.884] [ERROR] log4jslog - ::1 - - "POST /api/parse HTTP/1.1" 500 1086 "" "Mozilla/5.0 (Windows NT 10.0; Win64; x64) AppleWebKit/537.36 (KHTML, like Gecko) Chrome/69.0.3497.100 Safari/537.36"
[2018-10-06T20:07:32.736] [INFO] log4jslog - ::1 - - "POST /api/parse HTTP/1.1" 200 15013 "" "Mozilla/5.0 (Windows NT 10.0; Win64; x64) AppleWebKit/537.36 (KHTML, like Gecko) Chrome/69.0.3497.100 Safari/537.36"
[2018-10-06T20:17:30.432] [INFO] log4jslog - ::1 - - "POST /api/parse HTTP/1.1" 200 185 "" "Mozilla/5.0 (Windows NT 10.0; Win64; x64) AppleWebKit/537.36 (KHTML, like Gecko) Chrome/69.0.3497.100 Safari/537.36"
[2018-10-06T20:18:29.556] [INFO] log4jslog - ::1 - - "POST /api/parse HTTP/1.1" 200 185 "" "Mozilla/5.0 (Windows NT 10.0; Win64; x64) AppleWebKit/537.36 (KHTML, like Gecko) Chrome/69.0.3497.100 Safari/537.36"
[2018-10-06T20:18:59.468] [INFO] log4jslog - ::1 - - "POST /api/parse HTTP/1.1" 200 4 "" "Mozilla/5.0 (Windows NT 10.0; Win64; x64) AppleWebKit/537.36 (KHTML, like Gecko) Chrome/69.0.3497.100 Safari/537.36"
[2018-10-06T20:19:39.011] [INFO] log4jslog - ::1 - - "POST /api/parse HTTP/1.1" 200 15013 "" "Mozilla/5.0 (Windows NT 10.0; Win64; x64) AppleWebKit/537.36 (KHTML, like Gecko) Chrome/69.0.3497.100 Safari/537.36"
[2018-10-06T20:35:47.609] [INFO] log4jslog - ::1 - - "POST /api/parse HTTP/1.1" 200 15013 "" "Mozilla/5.0 (Windows NT 10.0; Win64; x64) AppleWebKit/537.36 (KHTML, like Gecko) Chrome/69.0.3497.100 Safari/537.36"
[2018-10-06T20:36:18.403] [INFO] log4jslog - ::1 - - "POST /api/parse HTTP/1.1" 200 15013 "" "Mozilla/5.0 (Windows NT 10.0; Win64; x64) AppleWebKit/537.36 (KHTML, like Gecko) Chrome/69.0.3497.100 Safari/537.36"
[2018-10-06T20:38:52.993] [INFO] log4jslog - ::1 - - "POST /api/parse HTTP/1.1" 200 15013 "" "Mozilla/5.0 (Windows NT 10.0; Win64; x64) AppleWebKit/537.36 (KHTML, like Gecko) Chrome/69.0.3497.100 Safari/537.36"
[2018-10-06T20:41:45.165] [INFO] log4jslog - ::1 - - "POST /api/parse HTTP/1.1" 200 15013 "" "Mozilla/5.0 (Windows NT 10.0; Win64; x64) AppleWebKit/537.36 (KHTML, like Gecko) Chrome/69.0.3497.100 Safari/537.36"
[2018-10-08T15:56:50.044] [INFO] log4jslog - ::1 - - "POST /api/parse HTTP/1.1" 200 15013 "" "PostmanRuntime/7.3.0"
[2018-10-08T15:57:34.687] [INFO] log4jslog - ::1 - - "POST /api/parse HTTP/1.1" 200 15013 "" "PostmanRuntime/7.3.0"
[2018-10-08T16:03:09.124] [INFO] log4jslog - ::1 - - "POST /api/parse HTTP/1.1" 200 15013 "" "PostmanRuntime/7.3.0"
[2018-10-08T16:05:31.144] [INFO] log4jslog - ::1 - - "POST /api/parse HTTP/1.1" 200 463 "" "PostmanRuntime/7.3.0"
[2018-10-08T16:09:42.279] [INFO] log4jslog - ::1 - - "POST /api/parse HTTP/1.1" 200 7789 "" "PostmanRuntime/7.3.0"
[2018-10-08T16:12:49.537] [INFO] log4jslog - ::1 - - "POST /api/parse HTTP/1.1" 200 15013 "" "PostmanRuntime/7.3.0"
[2018-10-08T16:13:38.978] [INFO] log4jslog - ::1 - - "POST /api/parse HTTP/1.1" 200 7789 "" "PostmanRuntime/7.3.0"
[2018-10-08T16:32:01.605] [INFO] log4jslog - ::1 - - "POST /api/parse HTTP/1.1" 200 7789 "" "PostmanRuntime/7.3.0"
[2018-10-08T16:32:29.242] [INFO] log4jslog - ::1 - - "POST /api/parse HTTP/1.1" 200 7789 "" "PostmanRuntime/7.3.0"
[2018-10-08T16:37:02.727] [INFO] log4jslog - ::1 - - "POST /api/parse HTTP/1.1" 200 7789 "" "PostmanRuntime/7.3.0"
